<?xml version="1.0" encoding="UTF-8"?>
<coverage generated="1613254045064" clover="3.2.0">
  <project timestamp="1613254045064" name="All files">
    <metrics statements="25" coveredstatements="23" conditionals="20" coveredconditionals="16" methods="4" coveredmethods="4" elements="49" coveredelements="43" complexity="0" loc="25" ncloc="25" packages="1" files="1" classes="1"/>
    <file name="cipher.js" path="C:\Users\Aguirre\Desktop\SCL014-cipher\src\cipher.js">
      <metrics statements="25" coveredstatements="23" conditionals="20" coveredconditionals="16" methods="4" coveredmethods="4"/>
      <line num="2" count="1" type="stmt"/>
      <line num="5" count="2" type="stmt"/>
      <line num="6" count="2" type="stmt"/>
      <line num="7" count="6" type="cond" truecount="2" falsecount="0"/>
      <line num="8" count="6" type="stmt"/>
      <line num="10" count="6" type="cond" truecount="3" falsecount="1"/>
      <line num="12" count="6" type="stmt"/>
      <line num="13" count="6" type="cond" truecount="1" falsecount="1"/>
      <line num="14" count="0" type="stmt"/>
      <line num="16" count="6" type="stmt"/>
      <line num="20" count="6" type="stmt"/>
      <line num="21" count="6" type="cond" truecount="2" falsecount="0"/>
      <line num="23" count="2" type="stmt"/>
      <line num="27" count="2" type="stmt"/>
      <line num="28" count="2" type="stmt"/>
      <line num="29" count="6" type="cond" truecount="2" falsecount="0"/>
      <line num="30" count="6" type="stmt"/>
      <line num="32" count="6" type="cond" truecount="3" falsecount="1"/>
      <line num="34" count="6" type="stmt"/>
      <line num="35" count="6" type="cond" truecount="1" falsecount="1"/>
      <line num="36" count="0" type="stmt"/>
      <line num="38" count="6" type="stmt"/>
      <line num="41" count="6" type="stmt"/>
      <line num="42" count="6" type="cond" truecount="2" falsecount="0"/>
      <line num="44" count="2" type="stmt"/>
    </file>
  </project>
</coverage>
