{"C:\\Users\\Aguirre\\Desktop\\SCL014-cipher\\src\\cipher.js": {"path":"C:\\Users\\Aguirre\\Desktop\\SCL014-cipher\\src\\cipher.js","statementMap":{"0":{"start":{"line":2,"column":15},"end":{"line":45,"column":2}},"1":{"start":{"line":5,"column":27},"end":{"line":5,"column":32}},"2":{"start":{"line":6,"column":25},"end":{"line":22,"column":15}},"3":{"start":{"line":7,"column":16},"end":{"line":7,"column":54}},"4":{"start":{"line":8,"column":22},"end":{"line":8,"column":51}},"5":{"start":{"line":10,"column":4},"end":{"line":18,"column":5}},"6":{"start":{"line":12,"column":34},"end":{"line":12,"column":58}},"7":{"start":{"line":13,"column":6},"end":{"line":16,"column":54}},"8":{"start":{"line":14,"column":6},"end":{"line":14,"column":71}},"9":{"start":{"line":16,"column":6},"end":{"line":16,"column":54}},"10":{"start":{"line":20,"column":19},"end":{"line":20,"column":51}},"11":{"start":{"line":21,"column":6},"end":{"line":21,"column":51}},"12":{"start":{"line":23,"column":4},"end":{"line":23,"column":24}},"13":{"start":{"line":27,"column":34},"end":{"line":27,"column":40}},"14":{"start":{"line":28,"column":26},"end":{"line":43,"column":15}},"15":{"start":{"line":29,"column":16},"end":{"line":29,"column":54}},"16":{"start":{"line":30,"column":22},"end":{"line":30,"column":51}},"17":{"start":{"line":32,"column":4},"end":{"line":40,"column":5}},"18":{"start":{"line":34,"column":35},"end":{"line":34,"column":60}},"19":{"start":{"line":35,"column":6},"end":{"line":38,"column":55}},"20":{"start":{"line":36,"column":6},"end":{"line":36,"column":45}},"21":{"start":{"line":38,"column":6},"end":{"line":38,"column":55}},"22":{"start":{"line":41,"column":19},"end":{"line":41,"column":51}},"23":{"start":{"line":42,"column":6},"end":{"line":42,"column":51}},"24":{"start":{"line":44,"column":4},"end":{"line":44,"column":27}}},"fnMap":{"0":{"name":"(anonymous_0)","decl":{"start":{"line":4,"column":10},"end":{"line":4,"column":11}},"loc":{"start":{"line":4,"column":37},"end":{"line":24,"column":1}},"line":4},"1":{"name":"(anonymous_1)","decl":{"start":{"line":6,"column":62},"end":{"line":6,"column":63}},"loc":{"start":{"line":6,"column":65},"end":{"line":22,"column":5}},"line":6},"2":{"name":"(anonymous_2)","decl":{"start":{"line":26,"column":10},"end":{"line":26,"column":11}},"loc":{"start":{"line":26,"column":38},"end":{"line":45,"column":1}},"line":26},"3":{"name":"(anonymous_3)","decl":{"start":{"line":28,"column":72},"end":{"line":28,"column":73}},"loc":{"start":{"line":28,"column":75},"end":{"line":43,"column":5}},"line":28}},"branchMap":{"0":{"loc":{"start":{"line":7,"column":16},"end":{"line":7,"column":54}},"type":"cond-expr","locations":[{"start":{"line":7,"column":42},"end":{"line":7,"column":46}},{"start":{"line":7,"column":49},"end":{"line":7,"column":54}}],"line":7},"1":{"loc":{"start":{"line":10,"column":4},"end":{"line":18,"column":5}},"type":"if","locations":[{"start":{"line":10,"column":4},"end":{"line":18,"column":5}},{"start":{"line":10,"column":4},"end":{"line":18,"column":5}}],"line":10},"2":{"loc":{"start":{"line":10,"column":7},"end":{"line":10,"column":46}},"type":"binary-expr","locations":[{"start":{"line":10,"column":7},"end":{"line":10,"column":24}},{"start":{"line":10,"column":28},"end":{"line":10,"column":46}}],"line":10},"3":{"loc":{"start":{"line":13,"column":6},"end":{"line":16,"column":54}},"type":"if","locations":[{"start":{"line":13,"column":6},"end":{"line":16,"column":54}},{"start":{"line":13,"column":6},"end":{"line":16,"column":54}}],"line":13},"4":{"loc":{"start":{"line":21,"column":13},"end":{"line":21,"column":50}},"type":"cond-expr","locations":[{"start":{"line":21,"column":21},"end":{"line":21,"column":41}},{"start":{"line":21,"column":44},"end":{"line":21,"column":50}}],"line":21},"5":{"loc":{"start":{"line":29,"column":16},"end":{"line":29,"column":54}},"type":"cond-expr","locations":[{"start":{"line":29,"column":42},"end":{"line":29,"column":46}},{"start":{"line":29,"column":49},"end":{"line":29,"column":54}}],"line":29},"6":{"loc":{"start":{"line":32,"column":4},"end":{"line":40,"column":5}},"type":"if","locations":[{"start":{"line":32,"column":4},"end":{"line":40,"column":5}},{"start":{"line":32,"column":4},"end":{"line":40,"column":5}}],"line":32},"7":{"loc":{"start":{"line":32,"column":7},"end":{"line":32,"column":46}},"type":"binary-expr","locations":[{"start":{"line":32,"column":7},"end":{"line":32,"column":24}},{"start":{"line":32,"column":28},"end":{"line":32,"column":46}}],"line":32},"8":{"loc":{"start":{"line":35,"column":6},"end":{"line":38,"column":55}},"type":"if","locations":[{"start":{"line":35,"column":6},"end":{"line":38,"column":55}},{"start":{"line":35,"column":6},"end":{"line":38,"column":55}}],"line":35},"9":{"loc":{"start":{"line":42,"column":13},"end":{"line":42,"column":50}},"type":"cond-expr","locations":[{"start":{"line":42,"column":21},"end":{"line":42,"column":41}},{"start":{"line":42,"column":44},"end":{"line":42,"column":50}}],"line":42}},"s":{"0":1,"1":2,"2":2,"3":6,"4":6,"5":6,"6":6,"7":6,"8":0,"9":6,"10":6,"11":6,"12":2,"13":2,"14":2,"15":6,"16":6,"17":6,"18":6,"19":6,"20":0,"21":6,"22":6,"23":6,"24":2},"f":{"0":2,"1":6,"2":2,"3":6},"b":{"0":[3,3],"1":[6,0],"2":[6,6],"3":[0,6],"4":[3,3],"5":[3,3],"6":[6,0],"7":[6,6],"8":[0,6],"9":[3,3]},"_coverageSchema":"43e27e138ebf9cfc5966b082cf9a028302ed4184","hash":"b0bc681ad5283ad8cbf2eaeca829a8a42841d7f5"}
}
