TN:
SF:C:\Users\Aguirre\Desktop\SCL014-cipher\src\cipher.js
FN:4,(anonymous_0)
FN:6,(anonymous_1)
FN:26,(anonymous_2)
FN:28,(anonymous_3)
FNF:4
FNH:4
FNDA:2,(anonymous_0)
FNDA:6,(anonymous_1)
FNDA:2,(anonymous_2)
FNDA:6,(anonymous_3)
DA:2,1
DA:5,2
DA:6,2
DA:7,6
DA:8,6
DA:10,6
DA:12,6
DA:13,6
DA:14,0
DA:16,6
DA:20,6
DA:21,6
DA:23,2
DA:27,2
DA:28,2
DA:29,6
DA:30,6
DA:32,6
DA:34,6
DA:35,6
DA:36,0
DA:38,6
DA:41,6
DA:42,6
DA:44,2
LF:25
LH:23
BRDA:7,0,0,3
BRDA:7,0,1,3
BRDA:10,1,0,6
BRDA:10,1,1,0
BRDA:10,2,0,6
BRDA:10,2,1,6
BRDA:13,3,0,0
BRDA:13,3,1,6
BRDA:21,4,0,3
BRDA:21,4,1,3
BRDA:29,5,0,3
BRDA:29,5,1,3
BRDA:32,6,0,6
BRDA:32,6,1,0
BRDA:32,7,0,6
BRDA:32,7,1,6
BRDA:35,8,0,0
BRDA:35,8,1,6
BRDA:42,9,0,3
BRDA:42,9,1,3
BRF:20
BRH:16
end_of_record
